mode: set
github.com/fern4lvarez/apto/apto/aptofile.go:23.50,26.16 3 1
github.com/fern4lvarez/apto/apto/aptofile.go:29.2,29.22 1 1
github.com/fern4lvarez/apto/apto/aptofile.go:26.16,28.3 1 1
github.com/fern4lvarez/apto/apto/aptofile.go:33.58,34.16 1 1
github.com/fern4lvarez/apto/apto/aptofile.go:39.2,39.41 1 1
github.com/fern4lvarez/apto/apto/aptofile.go:42.2,43.12 2 1
github.com/fern4lvarez/apto/apto/aptofile.go:34.16,37.3 2 1
github.com/fern4lvarez/apto/apto/aptofile.go:39.41,41.3 1 1
github.com/fern4lvarez/apto/apto/aptofile.go:47.40,49.16 2 1
github.com/fern4lvarez/apto/apto/aptofile.go:53.2,56.21 3 1
github.com/fern4lvarez/apto/apto/aptofile.go:70.2,70.38 1 1
github.com/fern4lvarez/apto/apto/aptofile.go:74.2,76.12 2 1
github.com/fern4lvarez/apto/apto/aptofile.go:49.16,51.3 1 0
github.com/fern4lvarez/apto/apto/aptofile.go:56.21,60.30 4 1
github.com/fern4lvarez/apto/apto/aptofile.go:67.3,67.39 1 1
github.com/fern4lvarez/apto/apto/aptofile.go:61.3,62.41 1 1
github.com/fern4lvarez/apto/apto/aptofile.go:63.3,64.12 1 1
github.com/fern4lvarez/apto/apto/aptofile.go:70.38,72.3 1 0
github.com/fern4lvarez/apto/apto/aptofile.go:79.28,81.2 1 0
github.com/fern4lvarez/apto/apto/command.go:22.28,24.2 1 1
github.com/fern4lvarez/apto/apto/command.go:27.107,28.16 1 1
github.com/fern4lvarez/apto/apto/command.go:34.2,40.12 6 1
github.com/fern4lvarez/apto/apto/command.go:28.16,30.3 1 1
github.com/fern4lvarez/apto/apto/command.go:30.4,30.22 1 1
github.com/fern4lvarez/apto/apto/command.go:30.22,32.3 1 1
github.com/fern4lvarez/apto/apto/command.go:44.72,45.20 1 1
github.com/fern4lvarez/apto/apto/command.go:49.2,57.12 3 1
github.com/fern4lvarez/apto/apto/command.go:45.20,47.3 1 1
github.com/fern4lvarez/apto/apto/command.go:61.41,63.26 2 1
github.com/fern4lvarez/apto/apto/command.go:67.2,72.30 5 1
github.com/fern4lvarez/apto/apto/command.go:77.2,77.33 1 1
github.com/fern4lvarez/apto/apto/command.go:82.2,82.40 1 1
github.com/fern4lvarez/apto/apto/command.go:63.26,65.3 1 1
github.com/fern4lvarez/apto/apto/command.go:72.30,75.3 2 1
github.com/fern4lvarez/apto/apto/command.go:77.33,80.3 2 1
github.com/fern4lvarez/apto/apto/execute.go:10.38,15.36 4 1
github.com/fern4lvarez/apto/apto/execute.go:19.2,21.19 2 0
github.com/fern4lvarez/apto/apto/execute.go:15.36,17.3 1 1
github.com/fern4lvarez/apto/apto/install.go:3.35,5.16 2 1
github.com/fern4lvarez/apto/apto/install.go:9.2,9.25 1 0
github.com/fern4lvarez/apto/apto/install.go:5.16,7.3 1 1
github.com/fern4lvarez/apto/apto/install.go:12.54,17.16 4 1
github.com/fern4lvarez/apto/apto/install.go:21.2,21.21 1 1
github.com/fern4lvarez/apto/apto/install.go:17.16,19.3 1 1
github.com/fern4lvarez/apto/apto/utils.go:7.42,10.2 2 1
